# project  configured on Fri Sep 25 23:23:34 2015 by
# waf 1.7.11 (abi 98, python 2070af0 on linux2)
# using /home/viktor/pebble-dev/PebbleSDK-3.4/Pebble/waf configure
#
----------------------------------------
Setting top to
/home/viktor/pebble-dev/medcheck/medcheck
----------------------------------------
Setting out to
/home/viktor/pebble-dev/medcheck/medcheck/build
----------------------------------------
Found Pebble SDK for basalt in:
/home/viktor/pebble-dev/PebbleSDK-3.4/Pebble/basalt
----------------------------------------
Checking for program gcc,cc
arm-none-eabi-gcc
find program=['gcc', 'cc'] paths='' var='CC' -> 'arm-none-eabi-gcc'
----------------------------------------
Checking for program ar
arm-none-eabi-ar
find program=['ar'] paths='' var='AR' -> 'arm-none-eabi-ar'
----------------------------------------
Found Pebble SDK for aplite in:
/home/viktor/pebble-dev/PebbleSDK-3.4/Pebble/aplite
----------------------------------------
Checking for program gcc,cc
arm-none-eabi-gcc
find program=['gcc', 'cc'] paths='' var='CC' -> 'arm-none-eabi-gcc'
----------------------------------------
Checking for program ar
arm-none-eabi-ar
find program=['ar'] paths='' var='AR' -> 'arm-none-eabi-ar'
